nohup: ignoring input
🚀 Smart Auto Sync Activated
Setting up watches.  Beware: since -r was given, this may take a while!
Watches established.
./ MODIFY autosync.log
📦 Changes detected...
[main d97bc57] auto sync 23:55:46
 2 files changed, 24 insertions(+)
 create mode 100644 autosync.log
 create mode 100755 autosync.sh
To github.com:ewp88ya/LN-NeU.git
   d22712b..d97bc57  main -> main
✅ Synced to GitHub
Setting up watches.  Beware: since -r was given, this may take a while!
Watches established.
./ MODIFY autosync.log
📦 Changes detected...
[main 648e6e8] auto sync 23:55:48
 1 file changed, 11 insertions(+)
To github.com:ewp88ya/LN-NeU.git
   d97bc57..648e6e8  main -> main
✅ Synced to GitHub
Setting up watches.  Beware: since -r was given, this may take a while!
Watches established.
./ MODIFY autosync.log
📦 Changes detected...
[main f6a1854] auto sync 23:55:51
 1 file changed, 9 insertions(+)
To github.com:ewp88ya/LN-NeU.git
   648e6e8..f6a1854  main -> main
✅ Synced to GitHub
Setting up watches.  Beware: since -r was given, this may take a while!
Watches established.
./ MODIFY autosync.log
📦 Changes detected...
[main 1a9be98] auto sync 23:55:54
 1 file changed, 9 insertions(+)
To github.com:ewp88ya/LN-NeU.git
   f6a1854..1a9be98  main -> main
✅ Synced to GitHub
Setting up watches.  Beware: since -r was given, this may take a while!
Watches established.
./ MODIFY autosync.log
📦 Changes detected...
[main 79b76be] auto sync 23:55:56
 1 file changed, 9 insertions(+)
To github.com:ewp88ya/LN-NeU.git
   1a9be98..79b76be  main -> main
✅ Synced to GitHub
Setting up watches.  Beware: since -r was given, this may take a while!
Watches established.
./ MODIFY autosync.log
📦 Changes detected...
[main 6d2c312] auto sync 23:55:59
 1 file changed, 9 insertions(+)
To github.com:ewp88ya/LN-NeU.git
   79b76be..6d2c312  main -> main
✅ Synced to GitHub
Setting up watches.  Beware: since -r was given, this may take a while!
Watches established.
./ MODIFY autosync.log
📦 Changes detected...
[main 3386166] auto sync 23:56:01
 1 file changed, 9 insertions(+)
To github.com:ewp88ya/LN-NeU.git
   6d2c312..3386166  main -> main
✅ Synced to GitHub
Setting up watches.  Beware: since -r was given, this may take a while!
Watches established.
./ MODIFY autosync.log
📦 Changes detected...
[main 4fef9d4] auto sync 23:56:03
 1 file changed, 9 insertions(+)
To github.com:ewp88ya/LN-NeU.git
   3386166..4fef9d4  main -> main
✅ Synced to GitHub
Setting up watches.  Beware: since -r was given, this may take a while!
Watches established.
./ MODIFY autosync.log
📦 Changes detected...
[main 435bc45] auto sync 23:56:06
 1 file changed, 9 insertions(+)
To github.com:ewp88ya/LN-NeU.git
   4fef9d4..435bc45  main -> main
✅ Synced to GitHub
Setting up watches.  Beware: since -r was given, this may take a while!
Watches established.
./ MODIFY autosync.log
📦 Changes detected...
[main de96ff7] auto sync 23:56:09
 1 file changed, 9 insertions(+)
To github.com:ewp88ya/LN-NeU.git
   435bc45..de96ff7  main -> main
✅ Synced to GitHub
Setting up watches.  Beware: since -r was given, this may take a while!
Watches established.
./ MODIFY autosync.log
📦 Changes detected...
[main 9f20bbd] auto sync 23:56:12
 1 file changed, 9 insertions(+)
To github.com:ewp88ya/LN-NeU.git
   de96ff7..9f20bbd  main -> main
✅ Synced to GitHub
Setting up watches.  Beware: since -r was given, this may take a while!
Watches established.
./ MODIFY autosync.log
📦 Changes detected...
[main 583b198] auto sync 23:56:15
 1 file changed, 9 insertions(+)
To github.com:ewp88ya/LN-NeU.git
   9f20bbd..583b198  main -> main
✅ Synced to GitHub
Setting up watches.  Beware: since -r was given, this may take a while!
Watches established.
./ MODIFY autosync.log
📦 Changes detected...
[main c68b2cf] auto sync 23:56:17
 1 file changed, 9 insertions(+)
To github.com:ewp88ya/LN-NeU.git
   583b198..c68b2cf  main -> main
✅ Synced to GitHub
Setting up watches.  Beware: since -r was given, this may take a while!
Watches established.
./ MODIFY autosync.log
📦 Changes detected...
[main 0fbc18b] auto sync 23:56:20
 1 file changed, 9 insertions(+)
To github.com:ewp88ya/LN-NeU.git
   c68b2cf..0fbc18b  main -> main
✅ Synced to GitHub
Setting up watches.  Beware: since -r was given, this may take a while!
Watches established.
./ MODIFY autosync.log
📦 Changes detected...
[main 546b13d] auto sync 23:56:22
 1 file changed, 9 insertions(+)
To github.com:ewp88ya/LN-NeU.git
   0fbc18b..546b13d  main -> main
✅ Synced to GitHub
Setting up watches.  Beware: since -r was given, this may take a while!
Watches established.
./ MODIFY autosync.log
📦 Changes detected...
